<?xml version="1.0" encoding="UTF-8"?>
<!-- Generated by org.testng.reporters.JUnitReportReporter -->
<testsuite hostname="DESKTOP-GFKCEU1" failures="0" tests="1" name="itbootcamp_final_selenium_project.SeleniumTest" time="0.008" errors="0" timestamp="2025-03-21T22:56:55 CET" skipped="0">
  <testcase classname="itbootcamp_final_selenium_project.SeleniumTest" name="test" time="0.008"/>
  <system-out/>
</testsuite> <!-- itbootcamp_final_selenium_project.SeleniumTest -->
